[    86.842] (WW) Failed to open protocol names file lib/xorg/protocol.txt
[    86.843] 
X.Org X Server 1.20.11
X Protocol Version 11, Revision 0
[    86.843] Build Operating System: Linux Archlinux
[    86.843] Current Operating System: Linux ArchLinux 5.10.43-1-lts #1 SMP Thu, 10 Jun 2021 12:32:16 +0000 x86_64
[    86.844] Kernel command line: BOOT_IMAGE=/vmlinuz-linux-lts root=UUID=cdb78109-1f04-4347-ba87-36f03c319a8c rw loglevel=3 quiet
[    86.844] Build Date: 13 April 2021  03:12:10PM
[    86.844]  
[    86.844] Current version of pixman: 0.40.0
[    86.844] 	Before reporting problems, check http://wiki.x.org
	to make sure that you have the latest version.
[    86.844] Markers: (--) probed, (**) from config file, (==) default setting,
	(++) from command line, (!!) notice, (II) informational,
	(WW) warning, (EE) error, (NI) not implemented, (??) unknown.
[    86.845] (==) Log file: "/home/profiles/asura/.local/share/xorg/Xorg.0.log", Time: Mon Jul 12 00:31:45 2021
[    86.885] (==) Using system config directory "/usr/share/X11/xorg.conf.d"
[    86.886] (==) No Layout section.  Using the first Screen section.
[    86.886] (==) No screen section available. Using defaults.
[    86.886] (**) |-->Screen "Default Screen Section" (0)
[    86.886] (**) |   |-->Monitor "<default monitor>"
[    86.887] (==) No monitor specified for screen "Default Screen Section".
	Using a default monitor configuration.
[    86.887] (==) Automatically adding devices
[    86.887] (==) Automatically enabling devices
[    86.887] (==) Automatically adding GPU devices
[    86.887] (==) Automatically binding GPU devices
[    86.887] (==) Max clients allowed: 256, resource mask: 0x1fffff
[    86.898] (WW) The directory "/usr/share/fonts/misc" does not exist.
[    86.899] 	Entry deleted from font path.
[    86.914] (WW) The directory "/usr/share/fonts/OTF" does not exist.
[    86.914] 	Entry deleted from font path.
[    86.914] (WW) The directory "/usr/share/fonts/Type1" does not exist.
[    86.914] 	Entry deleted from font path.
[    86.945] (==) FontPath set to:
	/usr/share/fonts/TTF,
	/usr/share/fonts/100dpi,
	/usr/share/fonts/75dpi
[    86.945] (==) ModulePath set to "/usr/lib/xorg/modules"
[    86.945] (II) The server relies on udev to provide the list of input devices.
	If no devices become available, reconfigure udev or disable AutoAddDevices.
[    86.945] (II) Module ABI versions:
[    86.945] 	X.Org ANSI C Emulation: 0.4
[    86.945] 	X.Org Video Driver: 24.1
[    86.945] 	X.Org XInput driver : 24.1
[    86.945] 	X.Org Server Extension : 10.0
[    86.947] (++) using VT number 1

[    86.950] (II) systemd-logind: took control of session /org/freedesktop/login1/session/_31
[    86.953] (II) xfree86: Adding drm device (/dev/dri/card0)
[    86.954] (II) systemd-logind: got fd for /dev/dri/card0 226:0 fd 10 paused 0
[    86.959] (--) PCI:*(0@0:2:0) 15ad:0405:15ad:0405 rev 0, Mem @ 0xe0000000/33554432, 0xf0000000/2097152, I/O @ 0x0000d010/16, BIOS @ 0x????????/131072
[    86.959] (WW) Open ACPI failed (/var/run/acpid.socket) (No such file or directory)
[    86.959] (II) LoadModule: "glx"
[    86.971] (II) Loading /usr/lib/xorg/modules/extensions/libglx.so
[    87.019] (II) Module glx: vendor="X.Org Foundation"
[    87.019] 	compiled for 1.20.11, module version = 1.0.0
[    87.019] 	ABI class: X.Org Server Extension, version 10.0
[    87.019] (==) Matched vmware as autoconfigured driver 0
[    87.019] (==) Matched modesetting as autoconfigured driver 1
[    87.019] (==) Matched fbdev as autoconfigured driver 2
[    87.019] (==) Matched vesa as autoconfigured driver 3
[    87.019] (==) Assigned the driver to the xf86ConfigLayout
[    87.019] (II) LoadModule: "vmware"
[    87.019] (II) Loading /usr/lib/xorg/modules/drivers/vmware_drv.so
[    89.914] (II) Module vmware: vendor="X.Org Foundation"
[    89.914] 	compiled for 1.20.8, module version = 13.3.0
[    89.914] 	Module class: X.Org Video Driver
[    89.915] 	ABI class: X.Org Video Driver, version 24.1
[    89.915] (II) LoadModule: "modesetting"
[    89.915] (II) Loading /usr/lib/xorg/modules/drivers/modesetting_drv.so
[    89.953] (II) Module modesetting: vendor="X.Org Foundation"
[    89.953] 	compiled for 1.20.11, module version = 1.20.11
[    89.953] 	Module class: X.Org Video Driver
[    89.953] 	ABI class: X.Org Video Driver, version 24.1
[    89.953] (II) LoadModule: "fbdev"
[    89.960] (WW) Warning, couldn't open module fbdev
[    89.960] (EE) Failed to load module "fbdev" (module does not exist, 0)
[    89.960] (II) LoadModule: "vesa"
[    89.960] (II) Loading /usr/lib/xorg/modules/drivers/vesa_drv.so
[    89.971] (II) Module vesa: vendor="X.Org Foundation"
[    89.971] 	compiled for 1.20.9, module version = 2.5.0
[    89.971] 	Module class: X.Org Video Driver
[    89.971] 	ABI class: X.Org Video Driver, version 24.1
[    89.971] (II) vmware: driver for VMware SVGA: vmware0405, vmware0710
[    89.971] (II) modesetting: Driver for Modesetting Kernel Drivers: kms
[    89.971] (II) VESA: driver for VESA chipsets: vesa
[    89.972] xf86EnableIOPorts: failed to set IOPL for I/O (Operation not permitted)
[    89.972] (WW) Falling back to old probe method for modesetting
[    89.972] (WW) VGA arbiter: cannot open kernel arbiter, no multi-card support
[    89.972] (II) vmware(0): Creating default Display subsection in Screen section
	"Default Screen Section" for depth/fbbpp 24/32
[    89.972] (--) vmware(0): DRM driver version is 2.18.0
[    89.972] (==) vmware(0): Depth 24, (--) framebuffer bpp 32
[    89.972] (==) vmware(0): RGB weight 888
[    89.972] (==) vmware(0): Default visual is TrueColor
[    89.972] (--) vmware(0): Min width 1, Max Width 8192.
[    89.972] (--) vmware(0): Min height 1, Max Height 8192.
[    89.981] (II) vmware(0): Output Virtual1 has no monitor section
[    89.981] (II) vmware(0): Output Virtual2 has no monitor section
[    89.981] (II) vmware(0): Output Virtual3 has no monitor section
[    89.981] (II) vmware(0): Output Virtual4 has no monitor section
[    89.981] (II) vmware(0): Output Virtual5 has no monitor section
[    89.981] (II) vmware(0): Output Virtual6 has no monitor section
[    89.982] (II) vmware(0): Output Virtual7 has no monitor section
[    89.982] (II) vmware(0): Output Virtual8 has no monitor section
[    89.982] (II) vmware(0): Printing probed modes for output Virtual1
[    89.982] (II) vmware(0): Modeline "1680x945"x60.0  120.23  1680 1730 1780 1830  945 995 1045 1095 -hsync +vsync (65.7 kHz eP)
[    89.982] (II) vmware(0): Modeline "2560x1600"x60.0  348.50  2560 2752 3032 3504  1600 1603 1609 1658 -hsync +vsync (99.5 kHz e)
[    89.982] (II) vmware(0): Modeline "1920x1440"x60.0  234.00  1920 2048 2256 2600  1440 1441 1444 1500 -hsync +vsync (90.0 kHz e)
[    89.982] (II) vmware(0): Modeline "1856x1392"x60.0  218.25  1856 1952 2176 2528  1392 1393 1396 1439 -hsync +vsync (86.3 kHz e)
[    89.982] (II) vmware(0): Modeline "1792x1344"x60.0  204.75  1792 1920 2120 2448  1344 1345 1348 1394 -hsync +vsync (83.6 kHz e)
[    89.982] (II) vmware(0): Modeline "1920x1200"x59.9  193.25  1920 2056 2256 2592  1200 1203 1209 1245 -hsync +vsync (74.6 kHz e)
[    89.982] (II) vmware(0): Modeline "1600x1200"x60.0  162.00  1600 1664 1856 2160  1200 1201 1204 1250 +hsync +vsync (75.0 kHz e)
[    89.982] (II) vmware(0): Modeline "1680x1050"x60.0  146.25  1680 1784 1960 2240  1050 1053 1059 1089 -hsync +vsync (65.3 kHz e)
[    89.982] (II) vmware(0): Modeline "1400x1050"x60.0  121.75  1400 1488 1632 1864  1050 1053 1057 1089 -hsync +vsync (65.3 kHz e)
[    89.982] (II) vmware(0): Modeline "1280x1024"x60.0  108.00  1280 1328 1440 1688  1024 1025 1028 1066 +hsync +vsync (64.0 kHz e)
[    89.982] (II) vmware(0): Modeline "1440x900"x59.9  106.50  1440 1520 1672 1904  900 903 909 934 -hsync +vsync (55.9 kHz e)
[    89.982] (II) vmware(0): Modeline "1280x960"x60.0  108.00  1280 1376 1488 1800  960 961 964 1000 +hsync +vsync (60.0 kHz e)
[    89.982] (II) vmware(0): Modeline "1360x768"x60.0   85.50  1360 1424 1536 1792  768 771 777 795 +hsync +vsync (47.7 kHz e)
[    89.982] (II) vmware(0): Modeline "1280x800"x59.8   83.50  1280 1352 1480 1680  800 803 809 831 +hsync -vsync (49.7 kHz e)
[    89.982] (II) vmware(0): Modeline "1152x864"x75.0  108.00  1152 1216 1344 1600  864 865 868 900 +hsync +vsync (67.5 kHz e)
[    89.982] (II) vmware(0): Modeline "1280x768"x59.9   79.50  1280 1344 1472 1664  768 771 778 798 -hsync +vsync (47.8 kHz e)
[    89.982] (II) vmware(0): Modeline "1024x768"x60.0   65.00  1024 1048 1184 1344  768 771 777 806 -hsync -vsync (48.4 kHz e)
[    89.982] (II) vmware(0): Modeline "800x600"x60.3   40.00  800 840 968 1056  600 601 605 628 +hsync +vsync (37.9 kHz e)
[    89.983] (II) vmware(0): Modeline "640x480"x59.9   25.18  640 656 752 800  480 489 492 525 -hsync -vsync (31.5 kHz e)
[    89.983] (II) vmware(0): EDID for output Virtual2
[    89.983] (II) vmware(0): EDID for output Virtual3
[    89.983] (II) vmware(0): EDID for output Virtual4
[    89.983] (II) vmware(0): EDID for output Virtual5
[    89.983] (II) vmware(0): EDID for output Virtual6
[    89.983] (II) vmware(0): EDID for output Virtual7
[    89.983] (II) vmware(0): EDID for output Virtual8
[    89.983] (II) vmware(0): Output Virtual1 connected
[    89.983] (II) vmware(0): Output Virtual2 disconnected
[    89.983] (II) vmware(0): Output Virtual3 disconnected
[    89.983] (II) vmware(0): Output Virtual4 disconnected
[    89.983] (II) vmware(0): Output Virtual5 disconnected
[    89.983] (II) vmware(0): Output Virtual6 disconnected
[    89.983] (II) vmware(0): Output Virtual7 disconnected
[    89.983] (II) vmware(0): Output Virtual8 disconnected
[    89.983] (II) vmware(0): Using exact sizes for initial modes
[    89.983] (II) vmware(0): Output Virtual1 using initial mode 1680x945 +0+0
[    89.983] (==) vmware(0): DPI set to (96, 96)
[    89.983] (==) vmware(0): Using gamma correction (1.0, 1.0, 1.0)
[    89.983] (II) Loading sub module "fb"
[    89.983] (II) LoadModule: "fb"
[    89.984] (II) Loading /usr/lib/xorg/modules/libfb.so
[    89.996] (II) Module fb: vendor="X.Org Foundation"
[    89.996] 	compiled for 1.20.11, module version = 1.0.0
[    89.996] 	ABI class: X.Org ANSI C Emulation, version 0.4
[    89.996] (II) Loading sub module "dri2"
[    89.996] (II) LoadModule: "dri2"
[    89.996] (II) Module "dri2" already built-in
[    89.996] (II) Loading sub module "dri3"
[    89.996] (II) LoadModule: "dri3"
[    89.996] (II) Module "dri3" already built-in
[    89.996] (II) UnloadModule: "modesetting"
[    89.996] (II) Unloading modesetting
[    89.996] (II) UnloadModule: "vesa"
[    89.996] (II) Unloading vesa
[    90.013] (II) vmware(0): Initialized VMWARE_CTRL extension version 0.2
[    90.073] (WW) vmware(0): Failed to initialize Gallium3D Xa. No render acceleration available.
[    90.073] (WW) vmware(0): Skipped initialization of direct rendering due to lack of render acceleration.
[    90.073] (--) vmware(0): Render acceleration is disabled.
[    90.073] (==) vmware(0): Rendercheck mode is disabled.
[    90.073] (--) vmware(0): Direct rendering (DRI2 3D) is disabled.
[    90.073] (--) vmware(0): Direct rendering (DRI3 3D) is disabled.
[    90.073] (==) vmware(0): Backing store enabled
[    90.073] (==) vmware(0): Silken mouse disabled
[    90.075] (==) vmware(0): DPMS enabled
[    90.075] (II) vmware(0): No 3D acceleration. Not setting up textured video.
[    90.075] (WW) vmware(0): Disabling Xv because no adaptors could be initialized.
[    90.075] (II) Initializing extension Generic Event Extension
[    90.075] (II) Initializing extension SHAPE
[    90.075] (II) Initializing extension MIT-SHM
[    90.075] (II) Initializing extension XInputExtension
[    90.076] (II) Initializing extension XTEST
[    90.076] (II) Initializing extension BIG-REQUESTS
[    90.076] (II) Initializing extension SYNC
[    90.076] (II) Initializing extension XKEYBOARD
[    90.076] (II) Initializing extension XC-MISC
[    90.076] (II) Initializing extension SECURITY
[    90.076] (II) Initializing extension XFIXES
[    90.076] (II) Initializing extension RENDER
[    90.076] (II) Initializing extension RANDR
[    90.076] (II) Initializing extension COMPOSITE
[    90.076] (II) Initializing extension DAMAGE
[    90.076] (II) Initializing extension MIT-SCREEN-SAVER
[    90.076] (II) Initializing extension DOUBLE-BUFFER
[    90.076] (II) Initializing extension RECORD
[    90.076] (II) Initializing extension DPMS
[    90.077] (II) Initializing extension Present
[    90.077] (II) Initializing extension DRI3
[    90.077] (II) Initializing extension X-Resource
[    90.077] (II) Initializing extension XVideo
[    90.077] (II) Initializing extension XVideo-MotionCompensation
[    90.077] (II) Initializing extension GLX
[    90.077] (II) AIGLX: Screen 0 is not DRI2 capable
[    90.802] (II) IGLX: Loaded and initialized swrast
[    90.802] (II) GLX: Initialized DRISWRAST GL provider for screen 0
[    90.802] (II) Initializing extension XFree86-VidModeExtension
[    90.802] (II) Initializing extension XFree86-DGA
[    90.802] (II) Initializing extension XFree86-DRI
[    90.802] (II) Initializing extension DRI2
[    90.809] (II) vmware(0): Setting screen physical size to 444 x 250
[    91.368] (II) config/udev: Adding input device Power Button (/dev/input/event0)
[    91.368] (**) Power Button: Applying InputClass "libinput keyboard catchall"
[    91.368] (II) LoadModule: "libinput"
[    91.368] (II) Loading /usr/lib/xorg/modules/input/libinput_drv.so
[    91.387] (II) Module libinput: vendor="X.Org Foundation"
[    91.387] 	compiled for 1.20.11, module version = 1.0.1
[    91.387] 	Module class: X.Org XInput Driver
[    91.387] 	ABI class: X.Org XInput driver, version 24.1
[    91.387] (II) Using input driver 'libinput' for 'Power Button'
[    91.389] (II) systemd-logind: got fd for /dev/input/event0 13:64 fd 13 paused 0
[    91.389] (**) Power Button: always reports core events
[    91.389] (**) Option "Device" "/dev/input/event0"
[    91.389] (**) Option "_source" "server/udev"
[    91.443] (II) event0  - Power Button: is tagged by udev as: Keyboard
[    91.443] (II) event0  - Power Button: device is a keyboard
[    91.444] (II) event0  - Power Button: device removed
[    91.444] (**) Option "config_info" "udev:/sys/devices/LNXSYSTM:00/LNXPWRBN:00/input/input0/event0"
[    91.444] (II) XINPUT: Adding extended input device "Power Button" (type: KEYBOARD, id 6)
[    91.446] (II) event0  - Power Button: is tagged by udev as: Keyboard
[    91.446] (II) event0  - Power Button: device is a keyboard
[    91.448] (II) config/udev: Adding input device Sleep Button (/dev/input/event1)
[    91.448] (**) Sleep Button: Applying InputClass "libinput keyboard catchall"
[    91.448] (II) Using input driver 'libinput' for 'Sleep Button'
[    91.449] (II) systemd-logind: got fd for /dev/input/event1 13:65 fd 16 paused 0
[    91.449] (**) Sleep Button: always reports core events
[    91.449] (**) Option "Device" "/dev/input/event1"
[    91.449] (**) Option "_source" "server/udev"
[    91.451] (II) event1  - Sleep Button: is tagged by udev as: Keyboard
[    91.451] (II) event1  - Sleep Button: device is a keyboard
[    91.451] (II) event1  - Sleep Button: device removed
[    91.451] (**) Option "config_info" "udev:/sys/devices/LNXSYSTM:00/LNXSLPBN:00/input/input1/event1"
[    91.451] (II) XINPUT: Adding extended input device "Sleep Button" (type: KEYBOARD, id 7)
[    91.454] (II) event1  - Sleep Button: is tagged by udev as: Keyboard
[    91.454] (II) event1  - Sleep Button: device is a keyboard
[    91.456] (II) config/udev: Adding input device Video Bus (/dev/input/event5)
[    91.456] (**) Video Bus: Applying InputClass "libinput keyboard catchall"
[    91.456] (II) Using input driver 'libinput' for 'Video Bus'
[    91.457] (II) systemd-logind: got fd for /dev/input/event5 13:69 fd 17 paused 0
[    91.457] (**) Video Bus: always reports core events
[    91.457] (**) Option "Device" "/dev/input/event5"
[    91.458] (**) Option "_source" "server/udev"
[    91.459] (II) event5  - Video Bus: is tagged by udev as: Keyboard
[    91.460] (II) event5  - Video Bus: device is a keyboard
[    91.460] (II) event5  - Video Bus: device removed
[    91.460] (**) Option "config_info" "udev:/sys/devices/LNXSYSTM:00/LNXSYBUS:00/PNP0A03:00/LNXVIDEO:00/input/input6/event5"
[    91.460] (II) XINPUT: Adding extended input device "Video Bus" (type: KEYBOARD, id 8)
[    91.463] (II) event5  - Video Bus: is tagged by udev as: Keyboard
[    91.463] (II) event5  - Video Bus: device is a keyboard
[    91.466] (II) config/udev: Adding input device VirtualBox mouse integration (/dev/input/event4)
[    91.466] (**) VirtualBox mouse integration: Applying InputClass "libinput pointer catchall"
[    91.466] (II) Using input driver 'libinput' for 'VirtualBox mouse integration'
[    91.467] (II) systemd-logind: got fd for /dev/input/event4 13:68 fd 18 paused 0
[    91.467] (**) VirtualBox mouse integration: always reports core events
[    91.467] (**) Option "Device" "/dev/input/event4"
[    91.467] (**) Option "_source" "server/udev"
[    91.469] (II) event4  - VirtualBox mouse integration: is tagged by udev as: Mouse
[    91.470] (II) event4  - VirtualBox mouse integration: device is a pointer
[    91.470] (II) event4  - VirtualBox mouse integration: device removed
[    91.470] (**) Option "config_info" "udev:/sys/devices/pci0000:00/0000:00:04.0/input/input5/event4"
[    91.470] (II) XINPUT: Adding extended input device "VirtualBox mouse integration" (type: MOUSE, id 9)
[    91.471] (**) Option "AccelerationScheme" "none"
[    91.471] (**) VirtualBox mouse integration: (accel) selected scheme none/0
[    91.471] (**) VirtualBox mouse integration: (accel) acceleration factor: 2.000
[    91.471] (**) VirtualBox mouse integration: (accel) acceleration threshold: 4
[    91.472] (II) event4  - VirtualBox mouse integration: is tagged by udev as: Mouse
[    91.473] (II) event4  - VirtualBox mouse integration: device is a pointer
[    91.474] (II) config/udev: Adding input device VirtualBox mouse integration (/dev/input/js1)
[    91.474] (II) No input driver specified, ignoring this device.
[    91.474] (II) This device may have been added with another device file.
[    91.475] (II) config/udev: Adding input device VirtualBox mouse integration (/dev/input/mouse1)
[    91.475] (II) No input driver specified, ignoring this device.
[    91.475] (II) This device may have been added with another device file.
[    91.477] (II) config/udev: Adding input device VirtualBox USB Tablet (/dev/input/event3)
[    91.477] (**) VirtualBox USB Tablet: Applying InputClass "libinput pointer catchall"
[    91.477] (II) Using input driver 'libinput' for 'VirtualBox USB Tablet'
[    91.544] (II) systemd-logind: got fd for /dev/input/event3 13:67 fd 19 paused 0
[    91.544] (**) VirtualBox USB Tablet: always reports core events
[    91.544] (**) Option "Device" "/dev/input/event3"
[    91.544] (**) Option "_source" "server/udev"
[    91.547] (II) event3  - VirtualBox USB Tablet: is tagged by udev as: Mouse
[    91.548] (II) event3  - VirtualBox USB Tablet: device is a pointer
[    91.549] (II) event3  - VirtualBox USB Tablet: device removed
[    91.549] (**) Option "config_info" "udev:/sys/devices/pci0000:00/0000:00:06.0/usb1/1-1/1-1:1.0/0003:80EE:0021.0001/input/input4/event3"
[    91.549] (II) XINPUT: Adding extended input device "VirtualBox USB Tablet" (type: MOUSE, id 10)
[    91.549] (**) Option "AccelerationScheme" "none"
[    91.549] (**) VirtualBox USB Tablet: (accel) selected scheme none/0
[    91.549] (**) VirtualBox USB Tablet: (accel) acceleration factor: 2.000
[    91.549] (**) VirtualBox USB Tablet: (accel) acceleration threshold: 4
[    91.552] (II) event3  - VirtualBox USB Tablet: is tagged by udev as: Mouse
[    91.553] (II) event3  - VirtualBox USB Tablet: device is a pointer
[    91.555] (II) config/udev: Adding input device VirtualBox USB Tablet (/dev/input/js0)
[    91.555] (II) No input driver specified, ignoring this device.
[    91.555] (II) This device may have been added with another device file.
[    91.557] (II) config/udev: Adding input device VirtualBox USB Tablet (/dev/input/mouse0)
[    91.557] (II) No input driver specified, ignoring this device.
[    91.557] (II) This device may have been added with another device file.
[    91.558] (II) config/udev: Adding input device AT Translated Set 2 keyboard (/dev/input/event2)
[    91.558] (**) AT Translated Set 2 keyboard: Applying InputClass "libinput keyboard catchall"
[    91.558] (II) Using input driver 'libinput' for 'AT Translated Set 2 keyboard'
[    91.559] (II) systemd-logind: got fd for /dev/input/event2 13:66 fd 20 paused 0
[    91.559] (**) AT Translated Set 2 keyboard: always reports core events
[    91.559] (**) Option "Device" "/dev/input/event2"
[    91.559] (**) Option "_source" "server/udev"
[    91.561] (II) event2  - AT Translated Set 2 keyboard: is tagged by udev as: Keyboard
[    91.562] (II) event2  - AT Translated Set 2 keyboard: device is a keyboard
[    91.564] (II) event2  - AT Translated Set 2 keyboard: device removed
[    91.564] (**) Option "config_info" "udev:/sys/devices/platform/i8042/serio0/input/input2/event2"
[    91.564] (II) XINPUT: Adding extended input device "AT Translated Set 2 keyboard" (type: KEYBOARD, id 11)
[    91.566] (II) event2  - AT Translated Set 2 keyboard: is tagged by udev as: Keyboard
[    91.567] (II) event2  - AT Translated Set 2 keyboard: device is a keyboard
[    91.570] (II) config/udev: Adding input device ImExPS/2 Generic Explorer Mouse (/dev/input/event7)
[    91.570] (**) ImExPS/2 Generic Explorer Mouse: Applying InputClass "libinput pointer catchall"
[    91.570] (II) Using input driver 'libinput' for 'ImExPS/2 Generic Explorer Mouse'
[    91.571] (II) systemd-logind: got fd for /dev/input/event7 13:71 fd 21 paused 0
[    91.571] (**) ImExPS/2 Generic Explorer Mouse: always reports core events
[    91.571] (**) Option "Device" "/dev/input/event7"
[    91.571] (**) Option "_source" "server/udev"
[    91.573] (II) event7  - ImExPS/2 Generic Explorer Mouse: is tagged by udev as: Mouse
[    91.574] (II) event7  - ImExPS/2 Generic Explorer Mouse: device is a pointer
[    91.575] (II) event7  - ImExPS/2 Generic Explorer Mouse: device removed
[    91.575] (**) Option "config_info" "udev:/sys/devices/platform/i8042/serio1/input/input8/event7"
[    91.575] (II) XINPUT: Adding extended input device "ImExPS/2 Generic Explorer Mouse" (type: MOUSE, id 12)
[    91.575] (**) Option "AccelerationScheme" "none"
[    91.575] (**) ImExPS/2 Generic Explorer Mouse: (accel) selected scheme none/0
[    91.575] (**) ImExPS/2 Generic Explorer Mouse: (accel) acceleration factor: 2.000
[    91.575] (**) ImExPS/2 Generic Explorer Mouse: (accel) acceleration threshold: 4
[    91.581] (II) event7  - ImExPS/2 Generic Explorer Mouse: is tagged by udev as: Mouse
[    91.582] (II) event7  - ImExPS/2 Generic Explorer Mouse: device is a pointer
[    91.584] (II) config/udev: Adding input device ImExPS/2 Generic Explorer Mouse (/dev/input/mouse2)
[    91.584] (II) No input driver specified, ignoring this device.
[    91.584] (II) This device may have been added with another device file.
[    91.584] (II) config/udev: Adding input device PC Speaker (/dev/input/event6)
[    91.584] (II) No input driver specified, ignoring this device.
[    91.584] (II) This device may have been added with another device file.
[ 30672.053] (EE) event2  - AT Translated Set 2 keyboard: client bug: event processing lagging behind by 11ms, your system is too slow
