[   569.399] (WW) Failed to open protocol names file lib/xorg/protocol.txt
[   569.399] 
X.Org X Server 1.20.11
X Protocol Version 11, Revision 0
[   569.399] Build Operating System: Linux Archlinux
[   569.399] Current Operating System: Linux ArchLinux 5.10.43-1-lts #1 SMP Thu, 10 Jun 2021 12:32:16 +0000 x86_64
[   569.399] Kernel command line: BOOT_IMAGE=/vmlinuz-linux-lts root=UUID=cdb78109-1f04-4347-ba87-36f03c319a8c rw loglevel=3 quiet
[   569.400] Build Date: 13 April 2021  03:12:10PM
[   569.400]  
[   569.400] Current version of pixman: 0.40.0
[   569.400] 	Before reporting problems, check http://wiki.x.org
	to make sure that you have the latest version.
[   569.400] Markers: (--) probed, (**) from config file, (==) default setting,
	(++) from command line, (!!) notice, (II) informational,
	(WW) warning, (EE) error, (NI) not implemented, (??) unknown.
[   569.401] (==) Log file: "/home/profiles/asura/.local/share/xorg/Xorg.0.log", Time: Sat Jun 12 06:18:56 2021
[   569.401] (==) Using system config directory "/usr/share/X11/xorg.conf.d"
[   569.401] (==) No Layout section.  Using the first Screen section.
[   569.401] (==) No screen section available. Using defaults.
[   569.401] (**) |-->Screen "Default Screen Section" (0)
[   569.401] (**) |   |-->Monitor "<default monitor>"
[   569.402] (==) No monitor specified for screen "Default Screen Section".
	Using a default monitor configuration.
[   569.402] (==) Automatically adding devices
[   569.402] (==) Automatically enabling devices
[   569.402] (==) Automatically adding GPU devices
[   569.402] (==) Automatically binding GPU devices
[   569.402] (==) Max clients allowed: 256, resource mask: 0x1fffff
[   569.402] (WW) The directory "/usr/share/fonts/misc" does not exist.
[   569.402] 	Entry deleted from font path.
[   569.402] (WW) The directory "/usr/share/fonts/OTF" does not exist.
[   569.402] 	Entry deleted from font path.
[   569.402] (WW) The directory "/usr/share/fonts/Type1" does not exist.
[   569.402] 	Entry deleted from font path.
[   569.402] (==) FontPath set to:
	/usr/share/fonts/TTF,
	/usr/share/fonts/100dpi,
	/usr/share/fonts/75dpi
[   569.402] (==) ModulePath set to "/usr/lib/xorg/modules"
[   569.402] (II) The server relies on udev to provide the list of input devices.
	If no devices become available, reconfigure udev or disable AutoAddDevices.
[   569.402] (II) Module ABI versions:
[   569.402] 	X.Org ANSI C Emulation: 0.4
[   569.402] 	X.Org Video Driver: 24.1
[   569.402] 	X.Org XInput driver : 24.1
[   569.402] 	X.Org Server Extension : 10.0
[   569.403] (++) using VT number 1

[   569.407] (II) systemd-logind: took control of session /org/freedesktop/login1/session/_310
[   569.409] (II) xfree86: Adding drm device (/dev/dri/card0)
[   569.410] (II) systemd-logind: got fd for /dev/dri/card0 226:0 fd 10 paused 0
[   569.413] (--) PCI:*(0@0:2:0) 15ad:0405:15ad:0405 rev 0, Mem @ 0xe0000000/33554432, 0xf0000000/2097152, I/O @ 0x0000d010/16, BIOS @ 0x????????/131072
[   569.413] (WW) Open ACPI failed (/var/run/acpid.socket) (No such file or directory)
[   569.413] (II) LoadModule: "glx"
[   569.414] (II) Loading /usr/lib/xorg/modules/extensions/libglx.so
[   569.416] (II) Module glx: vendor="X.Org Foundation"
[   569.416] 	compiled for 1.20.11, module version = 1.0.0
[   569.416] 	ABI class: X.Org Server Extension, version 10.0
[   569.416] (==) Matched vmware as autoconfigured driver 0
[   569.416] (==) Matched modesetting as autoconfigured driver 1
[   569.416] (==) Matched fbdev as autoconfigured driver 2
[   569.416] (==) Matched vesa as autoconfigured driver 3
[   569.416] (==) Assigned the driver to the xf86ConfigLayout
[   569.416] (II) LoadModule: "vmware"
[   569.416] (II) Loading /usr/lib/xorg/modules/drivers/vmware_drv.so
[   569.448] (II) Module vmware: vendor="X.Org Foundation"
[   569.448] 	compiled for 1.20.8, module version = 13.3.0
[   569.448] 	Module class: X.Org Video Driver
[   569.448] 	ABI class: X.Org Video Driver, version 24.1
[   569.448] (II) LoadModule: "modesetting"
[   569.448] (II) Loading /usr/lib/xorg/modules/drivers/modesetting_drv.so
[   569.449] (II) Module modesetting: vendor="X.Org Foundation"
[   569.449] 	compiled for 1.20.11, module version = 1.20.11
[   569.449] 	Module class: X.Org Video Driver
[   569.449] 	ABI class: X.Org Video Driver, version 24.1
[   569.449] (II) LoadModule: "fbdev"
[   569.449] (WW) Warning, couldn't open module fbdev
[   569.449] (EE) Failed to load module "fbdev" (module does not exist, 0)
[   569.449] (II) LoadModule: "vesa"
[   569.449] (II) Loading /usr/lib/xorg/modules/drivers/vesa_drv.so
[   569.449] (II) Module vesa: vendor="X.Org Foundation"
[   569.449] 	compiled for 1.20.9, module version = 2.5.0
[   569.449] 	Module class: X.Org Video Driver
[   569.449] 	ABI class: X.Org Video Driver, version 24.1
[   569.449] (II) vmware: driver for VMware SVGA: vmware0405, vmware0710
[   569.449] (II) modesetting: Driver for Modesetting Kernel Drivers: kms
[   569.449] (II) VESA: driver for VESA chipsets: vesa
[   569.449] xf86EnableIOPorts: failed to set IOPL for I/O (Operation not permitted)
[   569.449] (WW) Falling back to old probe method for modesetting
[   569.450] (WW) VGA arbiter: cannot open kernel arbiter, no multi-card support
[   569.450] (II) vmware(0): Creating default Display subsection in Screen section
	"Default Screen Section" for depth/fbbpp 24/32
[   569.450] (--) vmware(0): DRM driver version is 2.18.0
[   569.450] (==) vmware(0): Depth 24, (--) framebuffer bpp 32
[   569.450] (==) vmware(0): RGB weight 888
[   569.450] (==) vmware(0): Default visual is TrueColor
[   569.450] (--) vmware(0): Min width 1, Max Width 8192.
[   569.450] (--) vmware(0): Min height 1, Max Height 8192.
[   569.450] (II) vmware(0): Output Virtual1 has no monitor section
[   569.450] (II) vmware(0): Output Virtual2 has no monitor section
[   569.450] (II) vmware(0): Output Virtual3 has no monitor section
[   569.450] (II) vmware(0): Output Virtual4 has no monitor section
[   569.450] (II) vmware(0): Output Virtual5 has no monitor section
[   569.450] (II) vmware(0): Output Virtual6 has no monitor section
[   569.450] (II) vmware(0): Output Virtual7 has no monitor section
[   569.450] (II) vmware(0): Output Virtual8 has no monitor section
[   569.450] (II) vmware(0): Printing probed modes for output Virtual1
[   569.450] (II) vmware(0): Modeline "1920x975"x60.0  139.72  1920 1970 2020 2070  975 1025 1075 1125 -hsync +vsync (67.5 kHz eP)
[   569.450] (II) vmware(0): Modeline "2560x1600"x60.0  348.50  2560 2752 3032 3504  1600 1603 1609 1658 -hsync +vsync (99.5 kHz e)
[   569.450] (II) vmware(0): Modeline "1920x1440"x60.0  234.00  1920 2048 2256 2600  1440 1441 1444 1500 -hsync +vsync (90.0 kHz e)
[   569.450] (II) vmware(0): Modeline "1856x1392"x60.0  218.25  1856 1952 2176 2528  1392 1393 1396 1439 -hsync +vsync (86.3 kHz e)
[   569.450] (II) vmware(0): Modeline "1792x1344"x60.0  204.75  1792 1920 2120 2448  1344 1345 1348 1394 -hsync +vsync (83.6 kHz e)
[   569.450] (II) vmware(0): Modeline "1920x1200"x59.9  193.25  1920 2056 2256 2592  1200 1203 1209 1245 -hsync +vsync (74.6 kHz e)
[   569.450] (II) vmware(0): Modeline "1600x1200"x60.0  162.00  1600 1664 1856 2160  1200 1201 1204 1250 +hsync +vsync (75.0 kHz e)
[   569.450] (II) vmware(0): Modeline "1680x1050"x60.0  146.25  1680 1784 1960 2240  1050 1053 1059 1089 -hsync +vsync (65.3 kHz e)
[   569.450] (II) vmware(0): Modeline "1400x1050"x60.0  121.75  1400 1488 1632 1864  1050 1053 1057 1089 -hsync +vsync (65.3 kHz e)
[   569.450] (II) vmware(0): Modeline "1280x1024"x60.0  108.00  1280 1328 1440 1688  1024 1025 1028 1066 +hsync +vsync (64.0 kHz e)
[   569.450] (II) vmware(0): Modeline "1440x900"x59.9  106.50  1440 1520 1672 1904  900 903 909 934 -hsync +vsync (55.9 kHz e)
[   569.450] (II) vmware(0): Modeline "1280x960"x60.0  108.00  1280 1376 1488 1800  960 961 964 1000 +hsync +vsync (60.0 kHz e)
[   569.450] (II) vmware(0): Modeline "1360x768"x60.0   85.50  1360 1424 1536 1792  768 771 777 795 +hsync +vsync (47.7 kHz e)
[   569.451] (II) vmware(0): Modeline "1280x800"x59.8   83.50  1280 1352 1480 1680  800 803 809 831 +hsync -vsync (49.7 kHz e)
[   569.451] (II) vmware(0): Modeline "1152x864"x75.0  108.00  1152 1216 1344 1600  864 865 868 900 +hsync +vsync (67.5 kHz e)
[   569.451] (II) vmware(0): Modeline "1280x768"x59.9   79.50  1280 1344 1472 1664  768 771 778 798 -hsync +vsync (47.8 kHz e)
[   569.451] (II) vmware(0): Modeline "1024x768"x60.0   65.00  1024 1048 1184 1344  768 771 777 806 -hsync -vsync (48.4 kHz e)
[   569.451] (II) vmware(0): Modeline "800x600"x60.3   40.00  800 840 968 1056  600 601 605 628 +hsync +vsync (37.9 kHz e)
[   569.451] (II) vmware(0): Modeline "640x480"x59.9   25.18  640 656 752 800  480 489 492 525 -hsync -vsync (31.5 kHz e)
[   569.451] (II) vmware(0): EDID for output Virtual2
[   569.451] (II) vmware(0): EDID for output Virtual3
[   569.451] (II) vmware(0): EDID for output Virtual4
[   569.451] (II) vmware(0): EDID for output Virtual5
[   569.451] (II) vmware(0): EDID for output Virtual6
[   569.451] (II) vmware(0): EDID for output Virtual7
[   569.451] (II) vmware(0): EDID for output Virtual8
[   569.451] (II) vmware(0): Output Virtual1 connected
[   569.451] (II) vmware(0): Output Virtual2 disconnected
[   569.451] (II) vmware(0): Output Virtual3 disconnected
[   569.451] (II) vmware(0): Output Virtual4 disconnected
[   569.451] (II) vmware(0): Output Virtual5 disconnected
[   569.451] (II) vmware(0): Output Virtual6 disconnected
[   569.451] (II) vmware(0): Output Virtual7 disconnected
[   569.451] (II) vmware(0): Output Virtual8 disconnected
[   569.451] (II) vmware(0): Using exact sizes for initial modes
[   569.451] (II) vmware(0): Output Virtual1 using initial mode 1920x975 +0+0
[   569.451] (==) vmware(0): DPI set to (96, 96)
[   569.451] (==) vmware(0): Using gamma correction (1.0, 1.0, 1.0)
[   569.451] (II) Loading sub module "fb"
[   569.451] (II) LoadModule: "fb"
[   569.451] (II) Loading /usr/lib/xorg/modules/libfb.so
[   569.452] (II) Module fb: vendor="X.Org Foundation"
[   569.452] 	compiled for 1.20.11, module version = 1.0.0
[   569.452] 	ABI class: X.Org ANSI C Emulation, version 0.4
[   569.452] (II) Loading sub module "dri2"
[   569.452] (II) LoadModule: "dri2"
[   569.452] (II) Module "dri2" already built-in
[   569.452] (II) Loading sub module "dri3"
[   569.452] (II) LoadModule: "dri3"
[   569.452] (II) Module "dri3" already built-in
[   569.452] (II) UnloadModule: "modesetting"
[   569.452] (II) Unloading modesetting
[   569.452] (II) UnloadModule: "vesa"
[   569.452] (II) Unloading vesa
[   569.452] (II) vmware(0): Initialized VMWARE_CTRL extension version 0.2
[   569.458] (WW) vmware(0): Failed to initialize Gallium3D Xa. No render acceleration available.
[   569.458] (WW) vmware(0): Skipped initialization of direct rendering due to lack of render acceleration.
[   569.458] (--) vmware(0): Render acceleration is disabled.
[   569.458] (==) vmware(0): Rendercheck mode is disabled.
[   569.458] (--) vmware(0): Direct rendering (DRI2 3D) is disabled.
[   569.458] (--) vmware(0): Direct rendering (DRI3 3D) is disabled.
[   569.458] (==) vmware(0): Backing store enabled
[   569.458] (==) vmware(0): Silken mouse disabled
[   569.459] (==) vmware(0): DPMS enabled
[   569.459] (II) vmware(0): No 3D acceleration. Not setting up textured video.
[   569.459] (WW) vmware(0): Disabling Xv because no adaptors could be initialized.
[   569.459] (II) Initializing extension Generic Event Extension
[   569.459] (II) Initializing extension SHAPE
[   569.459] (II) Initializing extension MIT-SHM
[   569.459] (II) Initializing extension XInputExtension
[   569.459] (II) Initializing extension XTEST
[   569.459] (II) Initializing extension BIG-REQUESTS
[   569.459] (II) Initializing extension SYNC
[   569.459] (II) Initializing extension XKEYBOARD
[   569.459] (II) Initializing extension XC-MISC
[   569.459] (II) Initializing extension SECURITY
[   569.459] (II) Initializing extension XFIXES
[   569.459] (II) Initializing extension RENDER
[   569.459] (II) Initializing extension RANDR
[   569.459] (II) Initializing extension COMPOSITE
[   569.459] (II) Initializing extension DAMAGE
[   569.459] (II) Initializing extension MIT-SCREEN-SAVER
[   569.459] (II) Initializing extension DOUBLE-BUFFER
[   569.459] (II) Initializing extension RECORD
[   569.459] (II) Initializing extension DPMS
[   569.459] (II) Initializing extension Present
[   569.459] (II) Initializing extension DRI3
[   569.459] (II) Initializing extension X-Resource
[   569.459] (II) Initializing extension XVideo
[   569.459] (II) Initializing extension XVideo-MotionCompensation
[   569.459] (II) Initializing extension GLX
[   569.459] (II) AIGLX: Screen 0 is not DRI2 capable
[   569.484] (II) IGLX: Loaded and initialized swrast
[   569.484] (II) GLX: Initialized DRISWRAST GL provider for screen 0
[   569.484] (II) Initializing extension XFree86-VidModeExtension
[   569.484] (II) Initializing extension XFree86-DGA
[   569.484] (II) Initializing extension XFree86-DRI
[   569.484] (II) Initializing extension DRI2
[   569.491] (II) vmware(0): Setting screen physical size to 508 x 257
[   569.770] (II) config/udev: Adding input device Power Button (/dev/input/event0)
[   569.770] (**) Power Button: Applying InputClass "libinput keyboard catchall"
[   569.770] (II) LoadModule: "libinput"
[   569.770] (II) Loading /usr/lib/xorg/modules/input/libinput_drv.so
[   569.772] (II) Module libinput: vendor="X.Org Foundation"
[   569.772] 	compiled for 1.20.11, module version = 1.0.1
[   569.772] 	Module class: X.Org XInput Driver
[   569.772] 	ABI class: X.Org XInput driver, version 24.1
[   569.772] (II) Using input driver 'libinput' for 'Power Button'
[   569.774] (II) systemd-logind: got fd for /dev/input/event0 13:64 fd 13 paused 0
[   569.774] (**) Power Button: always reports core events
[   569.774] (**) Option "Device" "/dev/input/event0"
[   569.774] (**) Option "_source" "server/udev"
[   569.778] (II) event0  - Power Button: is tagged by udev as: Keyboard
[   569.779] (II) event0  - Power Button: device is a keyboard
[   569.779] (II) event0  - Power Button: device removed
[   569.779] (**) Option "config_info" "udev:/sys/devices/LNXSYSTM:00/LNXPWRBN:00/input/input0/event0"
[   569.779] (II) XINPUT: Adding extended input device "Power Button" (type: KEYBOARD, id 6)
[   569.790] (II) event0  - Power Button: is tagged by udev as: Keyboard
[   569.790] (II) event0  - Power Button: device is a keyboard
[   569.792] (II) config/udev: Adding input device Sleep Button (/dev/input/event1)
[   569.792] (**) Sleep Button: Applying InputClass "libinput keyboard catchall"
[   569.792] (II) Using input driver 'libinput' for 'Sleep Button'
[   569.793] (II) systemd-logind: got fd for /dev/input/event1 13:65 fd 16 paused 0
[   569.793] (**) Sleep Button: always reports core events
[   569.793] (**) Option "Device" "/dev/input/event1"
[   569.794] (**) Option "_source" "server/udev"
[   569.795] (II) event1  - Sleep Button: is tagged by udev as: Keyboard
[   569.795] (II) event1  - Sleep Button: device is a keyboard
[   569.796] (II) event1  - Sleep Button: device removed
[   569.796] (**) Option "config_info" "udev:/sys/devices/LNXSYSTM:00/LNXSLPBN:00/input/input1/event1"
[   569.796] (II) XINPUT: Adding extended input device "Sleep Button" (type: KEYBOARD, id 7)
[   569.798] (II) event1  - Sleep Button: is tagged by udev as: Keyboard
[   569.798] (II) event1  - Sleep Button: device is a keyboard
[   569.800] (II) config/udev: Adding input device Video Bus (/dev/input/event4)
[   569.800] (**) Video Bus: Applying InputClass "libinput keyboard catchall"
[   569.800] (II) Using input driver 'libinput' for 'Video Bus'
[   569.801] (II) systemd-logind: got fd for /dev/input/event4 13:68 fd 17 paused 0
[   569.801] (**) Video Bus: always reports core events
[   569.801] (**) Option "Device" "/dev/input/event4"
[   569.801] (**) Option "_source" "server/udev"
[   569.803] (II) event4  - Video Bus: is tagged by udev as: Keyboard
[   569.803] (II) event4  - Video Bus: device is a keyboard
[   569.803] (II) event4  - Video Bus: device removed
[   569.804] (**) Option "config_info" "udev:/sys/devices/LNXSYSTM:00/LNXSYBUS:00/PNP0A03:00/LNXVIDEO:00/input/input5/event4"
[   569.804] (II) XINPUT: Adding extended input device "Video Bus" (type: KEYBOARD, id 8)
[   569.806] (II) event4  - Video Bus: is tagged by udev as: Keyboard
[   569.807] (II) event4  - Video Bus: device is a keyboard
[   569.809] (II) config/udev: Adding input device VirtualBox mouse integration (/dev/input/event5)
[   569.809] (**) VirtualBox mouse integration: Applying InputClass "libinput pointer catchall"
[   569.809] (II) Using input driver 'libinput' for 'VirtualBox mouse integration'
[   569.810] (II) systemd-logind: got fd for /dev/input/event5 13:69 fd 18 paused 0
[   569.810] (**) VirtualBox mouse integration: always reports core events
[   569.810] (**) Option "Device" "/dev/input/event5"
[   569.810] (**) Option "_source" "server/udev"
[   569.812] (II) event5  - VirtualBox mouse integration: is tagged by udev as: Mouse
[   569.813] (II) event5  - VirtualBox mouse integration: device is a pointer
[   569.813] (II) event5  - VirtualBox mouse integration: device removed
[   569.813] (**) Option "config_info" "udev:/sys/devices/pci0000:00/0000:00:04.0/input/input6/event5"
[   569.813] (II) XINPUT: Adding extended input device "VirtualBox mouse integration" (type: MOUSE, id 9)
[   569.813] (**) Option "AccelerationScheme" "none"
[   569.813] (**) VirtualBox mouse integration: (accel) selected scheme none/0
[   569.814] (**) VirtualBox mouse integration: (accel) acceleration factor: 2.000
[   569.814] (**) VirtualBox mouse integration: (accel) acceleration threshold: 4
[   569.815] (II) event5  - VirtualBox mouse integration: is tagged by udev as: Mouse
[   569.816] (II) event5  - VirtualBox mouse integration: device is a pointer
[   569.817] (II) config/udev: Adding input device VirtualBox mouse integration (/dev/input/js1)
[   569.817] (II) No input driver specified, ignoring this device.
[   569.817] (II) This device may have been added with another device file.
[   569.818] (II) config/udev: Adding input device VirtualBox mouse integration (/dev/input/mouse1)
[   569.818] (II) No input driver specified, ignoring this device.
[   569.818] (II) This device may have been added with another device file.
[   569.819] (II) config/udev: Adding input device VirtualBox USB Tablet (/dev/input/event3)
[   569.819] (**) VirtualBox USB Tablet: Applying InputClass "libinput pointer catchall"
[   569.819] (II) Using input driver 'libinput' for 'VirtualBox USB Tablet'
[   569.887] (II) systemd-logind: got fd for /dev/input/event3 13:67 fd 19 paused 0
[   569.888] (**) VirtualBox USB Tablet: always reports core events
[   569.888] (**) Option "Device" "/dev/input/event3"
[   569.888] (**) Option "_source" "server/udev"
[   569.894] (II) event3  - VirtualBox USB Tablet: is tagged by udev as: Mouse
[   569.896] (II) event3  - VirtualBox USB Tablet: device is a pointer
[   569.898] (II) event3  - VirtualBox USB Tablet: device removed
[   569.898] (**) Option "config_info" "udev:/sys/devices/pci0000:00/0000:00:06.0/usb1/1-1/1-1:1.0/0003:80EE:0021.0001/input/input4/event3"
[   569.898] (II) XINPUT: Adding extended input device "VirtualBox USB Tablet" (type: MOUSE, id 10)
[   569.899] (**) Option "AccelerationScheme" "none"
[   569.899] (**) VirtualBox USB Tablet: (accel) selected scheme none/0
[   569.899] (**) VirtualBox USB Tablet: (accel) acceleration factor: 2.000
[   569.899] (**) VirtualBox USB Tablet: (accel) acceleration threshold: 4
[   569.904] (II) event3  - VirtualBox USB Tablet: is tagged by udev as: Mouse
[   569.906] (II) event3  - VirtualBox USB Tablet: device is a pointer
[   569.908] (II) config/udev: Adding input device VirtualBox USB Tablet (/dev/input/js0)
[   569.908] (II) No input driver specified, ignoring this device.
[   569.908] (II) This device may have been added with another device file.
[   569.909] (II) config/udev: Adding input device VirtualBox USB Tablet (/dev/input/mouse0)
[   569.909] (II) No input driver specified, ignoring this device.
[   569.909] (II) This device may have been added with another device file.
[   569.910] (II) config/udev: Adding input device AT Translated Set 2 keyboard (/dev/input/event2)
[   569.910] (**) AT Translated Set 2 keyboard: Applying InputClass "libinput keyboard catchall"
[   569.910] (II) Using input driver 'libinput' for 'AT Translated Set 2 keyboard'
[   569.911] (II) systemd-logind: got fd for /dev/input/event2 13:66 fd 20 paused 0
[   569.911] (**) AT Translated Set 2 keyboard: always reports core events
[   569.911] (**) Option "Device" "/dev/input/event2"
[   569.912] (**) Option "_source" "server/udev"
[   569.913] (II) event2  - AT Translated Set 2 keyboard: is tagged by udev as: Keyboard
[   569.914] (II) event2  - AT Translated Set 2 keyboard: device is a keyboard
[   569.916] (II) event2  - AT Translated Set 2 keyboard: device removed
[   569.916] (**) Option "config_info" "udev:/sys/devices/platform/i8042/serio0/input/input2/event2"
[   569.916] (II) XINPUT: Adding extended input device "AT Translated Set 2 keyboard" (type: KEYBOARD, id 11)
[   569.918] (II) event2  - AT Translated Set 2 keyboard: is tagged by udev as: Keyboard
[   569.919] (II) event2  - AT Translated Set 2 keyboard: device is a keyboard
[   569.922] (II) config/udev: Adding input device ImExPS/2 Generic Explorer Mouse (/dev/input/event7)
[   569.922] (**) ImExPS/2 Generic Explorer Mouse: Applying InputClass "libinput pointer catchall"
[   569.922] (II) Using input driver 'libinput' for 'ImExPS/2 Generic Explorer Mouse'
[   569.923] (II) systemd-logind: got fd for /dev/input/event7 13:71 fd 21 paused 0
[   569.923] (**) ImExPS/2 Generic Explorer Mouse: always reports core events
[   569.923] (**) Option "Device" "/dev/input/event7"
[   569.923] (**) Option "_source" "server/udev"
[   569.925] (II) event7  - ImExPS/2 Generic Explorer Mouse: is tagged by udev as: Mouse
[   569.926] (II) event7  - ImExPS/2 Generic Explorer Mouse: device is a pointer
[   569.927] (II) event7  - ImExPS/2 Generic Explorer Mouse: device removed
[   569.927] (**) Option "config_info" "udev:/sys/devices/platform/i8042/serio1/input/input8/event7"
[   569.927] (II) XINPUT: Adding extended input device "ImExPS/2 Generic Explorer Mouse" (type: MOUSE, id 12)
[   569.927] (**) Option "AccelerationScheme" "none"
[   569.927] (**) ImExPS/2 Generic Explorer Mouse: (accel) selected scheme none/0
[   569.927] (**) ImExPS/2 Generic Explorer Mouse: (accel) acceleration factor: 2.000
[   569.928] (**) ImExPS/2 Generic Explorer Mouse: (accel) acceleration threshold: 4
[   569.929] (II) event7  - ImExPS/2 Generic Explorer Mouse: is tagged by udev as: Mouse
[   569.930] (II) event7  - ImExPS/2 Generic Explorer Mouse: device is a pointer
[   569.931] (II) config/udev: Adding input device ImExPS/2 Generic Explorer Mouse (/dev/input/mouse2)
[   569.931] (II) No input driver specified, ignoring this device.
[   569.931] (II) This device may have been added with another device file.
[   569.932] (II) config/udev: Adding input device PC Speaker (/dev/input/event6)
[   569.932] (II) No input driver specified, ignoring this device.
[   569.932] (II) This device may have been added with another device file.
[   785.276] (**) Option "fd" "13"
[   785.277] (II) event0  - Power Button: device removed
[   785.277] (**) Option "fd" "16"
[   785.277] (II) event1  - Sleep Button: device removed
[   785.277] (**) Option "fd" "17"
[   785.277] (II) event4  - Video Bus: device removed
[   785.277] (**) Option "fd" "18"
[   785.277] (II) event5  - VirtualBox mouse integration: device removed
[   785.277] (**) Option "fd" "19"
[   785.277] (II) event3  - VirtualBox USB Tablet: device removed
[   785.278] (**) Option "fd" "20"
[   785.278] (II) event2  - AT Translated Set 2 keyboard: device removed
[   785.278] (**) Option "fd" "21"
[   785.278] (II) event7  - ImExPS/2 Generic Explorer Mouse: device removed
[   785.292] (II) systemd-logind: got pause for 13:64
[   785.292] (II) systemd-logind: got pause for 13:65
[   785.292] (II) systemd-logind: got pause for 226:0
[   785.292] (II) systemd-logind: got pause for 13:68
[   785.292] (II) systemd-logind: got pause for 13:67
[   785.292] (II) systemd-logind: got pause for 13:69
[   785.292] (II) systemd-logind: got pause for 13:71
[   785.292] (II) systemd-logind: got pause for 13:66
[   790.558] (II) systemd-logind: got resume for 13:64
[   790.558] (II) systemd-logind: got resume for 13:65
[   790.558] (II) systemd-logind: got resume for 226:0
[   790.579] (II) event0  - Power Button: is tagged by udev as: Keyboard
[   790.580] (II) event0  - Power Button: device is a keyboard
[   790.583] (II) event1  - Sleep Button: is tagged by udev as: Keyboard
[   790.583] (II) event1  - Sleep Button: device is a keyboard
[   790.584] (II) systemd-logind: got resume for 13:68
[   790.586] (II) event4  - Video Bus: is tagged by udev as: Keyboard
[   790.586] (II) event4  - Video Bus: device is a keyboard
[   790.589] (II) systemd-logind: got resume for 13:67
[   790.592] (II) event3  - VirtualBox USB Tablet: is tagged by udev as: Mouse
[   790.593] (II) event3  - VirtualBox USB Tablet: device is a pointer
[   790.593] (II) systemd-logind: got resume for 13:69
[   790.595] (II) event5  - VirtualBox mouse integration: is tagged by udev as: Mouse
[   790.596] (II) event5  - VirtualBox mouse integration: device is a pointer
[   790.596] (II) systemd-logind: got resume for 13:71
[   790.598] (II) event7  - ImExPS/2 Generic Explorer Mouse: is tagged by udev as: Mouse
[   790.599] (II) event7  - ImExPS/2 Generic Explorer Mouse: device is a pointer
[   790.600] (II) systemd-logind: got resume for 13:66
[   790.602] (II) event2  - AT Translated Set 2 keyboard: is tagged by udev as: Keyboard
[   790.602] (II) event2  - AT Translated Set 2 keyboard: device is a keyboard
[   790.606] (!!) vmware(0): New layout.
[   790.606] (!!) vmware(0): 0: 0 0 1920 975
[   790.606] (!!) vmware(0): 
[  1188.024] (!!) vmware(0): New layout.
[  1188.024] (!!) vmware(0): 0: 0 0 1920 1080
[  1188.024] (!!) vmware(0): 
[  1260.446] (EE) event2  - AT Translated Set 2 keyboard: client bug: event processing lagging behind by 11ms, your system is too slow
[  1278.025] (EE) event2  - AT Translated Set 2 keyboard: client bug: event processing lagging behind by 18ms, your system is too slow
[  1312.190] (EE) event5  - VirtualBox mouse integration: client bug: event processing lagging behind by 11ms, your system is too slow
[  1402.022] (EE) event7  - ImExPS/2 Generic Explorer Mouse: client bug: event processing lagging behind by 14ms, your system is too slow
[  1427.026] (EE) event2  - AT Translated Set 2 keyboard: client bug: event processing lagging behind by 21ms, your system is too slow
[  1441.024] (EE) event2  - AT Translated Set 2 keyboard: client bug: event processing lagging behind by 16ms, your system is too slow
[  1496.847] (EE) event2  - AT Translated Set 2 keyboard: client bug: event processing lagging behind by 16ms, your system is too slow
[  1496.847] (EE) event2  - AT Translated Set 2 keyboard: WARNING: log rate limit exceeded (5 msgs per 60min). Discarding future messages.
[  1742.231] (EE) event5  - VirtualBox mouse integration: client bug: event processing lagging behind by 11ms, your system is too slow
[  1756.036] (EE) event5  - VirtualBox mouse integration: client bug: event processing lagging behind by 35ms, your system is too slow
[  1792.034] (EE) event5  - VirtualBox mouse integration: client bug: event processing lagging behind by 27ms, your system is too slow
[  1812.047] (II) event5  - VirtualBox mouse integration: SYN_DROPPED event - some input events have been lost.
[  1816.056] (EE) client bug: timer event7 debounce: scheduled expiry is in the past (-3ms), your system is too slow
[  1819.035] (EE) event5  - VirtualBox mouse integration: client bug: event processing lagging behind by 35ms, your system is too slow
[  1819.035] (EE) event5  - VirtualBox mouse integration: WARNING: log rate limit exceeded (5 msgs per 60min). Discarding future messages.
[  1821.047] (II) event5  - VirtualBox mouse integration: SYN_DROPPED event - some input events have been lost.
[  1902.027] (EE) event7  - ImExPS/2 Generic Explorer Mouse: client bug: event processing lagging behind by 11ms, your system is too slow
[  1904.049] (EE) client bug: timer event7 debounce: scheduled expiry is in the past (-7ms), your system is too slow
[  1904.049] (EE) client bug: timer event7 debounce short: scheduled expiry is in the past (-20ms), your system is too slow
