11-06-21 23/28/10 : Executed [picom]
11-06-21 23/28/10 : Executed [nitrogen --restore ]
11-06-21 23/28/10 : Executed [conky -c /home/profiles/asura/.config/conky/conky.conf]
11-06-21 23/28/10 : Executed [dunst &]
11-06-21 23/28/50 : Executed [picom]
11-06-21 23/28/50 : Executed [nitrogen --restore ]
11-06-21 23/28/50 : Executed [conky -c /home/profiles/asura/.config/conky/conky.conf]
11-06-21 23/28/50 : Executed [dunst &]
11-06-21 23/30/50 : Executed [picom]
11-06-21 23/30/50 : Executed [nitrogen --restore ]
11-06-21 23/30/50 : Executed [conky -c /home/profiles/asura/.config/conky/conky.conf]
11-06-21 23/30/50 : Executed [dunst &]
11-06-21 23/32/50 : Executed [picom]
11-06-21 23/32/50 : Executed [nitrogen --restore ]
11-06-21 23/32/50 : Executed [conky -c /home/profiles/asura/.config/conky/conky.conf]
11-06-21 23/32/50 : Executed [dunst &]
11-06-21 23/37/48 : Executed [picom]
11-06-21 23/37/48 : Executed [nitrogen --restore ]
11-06-21 23/37/48 : Executed [conky -c /home/profiles/asura/.config/conky/conky.conf]
11-06-21 23/37/48 : Executed [dunst &]
11-06-21 23/39/56 : Executed [picom]
11-06-21 23/39/56 : Executed [nitrogen --restore ]
11-06-21 23/39/56 : Executed [conky -c /home/profiles/asura/.config/conky/conky.conf]
11-06-21 23/39/56 : Executed [dunst]
11-06-21 23/39/57 : Executed [picom]
11-06-21 23/39/57 : Executed [nitrogen --restore ]
11-06-21 23/39/57 : Executed [conky -c /home/profiles/asura/.config/conky/conky.conf]
11-06-21 23/39/57 : Executed [dunst]
11-06-21 23/42/57 : Executed [picom]
11-06-21 23/42/57 : Executed [nitrogen --restore ]
11-06-21 23/42/57 : Executed [conky -c /home/profiles/asura/.config/conky/conky.conf]
11-06-21 23/42/57 : Executed [dunst]
11-06-21 23/42/59 : Executed [picom]
11-06-21 23/42/59 : Executed [nitrogen --restore ]
11-06-21 23/42/59 : Executed [conky -c /home/profiles/asura/.config/conky/conky.conf]
11-06-21 23/42/59 : Executed [dunst]
11-06-21 23/43/13 : Executed [picom]
11-06-21 23/43/13 : Executed [nitrogen --restore ]
11-06-21 23/43/13 : Executed [conky -c /home/profiles/asura/.config/conky/conky.conf]
11-06-21 23/43/13 : Executed [dunst]
11-06-21 23/43/15 : Executed [picom]
11-06-21 23/43/15 : Executed [nitrogen --restore ]
11-06-21 23/43/15 : Executed [conky -c /home/profiles/asura/.config/conky/conky.conf]
11-06-21 23/43/15 : Executed [dunst]
12-06-21 05/40/42 : Executed [picom]
12-06-21 05/40/42 : Executed [nitrogen --restore ]
12-06-21 05/40/42 : Executed [conky -c /home/profiles/asura/.config/conky/conky.conf]
12-06-21 05/40/42 : Executed [dunst]
12-06-21 05/40/44 : Executed [picom]
12-06-21 05/40/44 : Executed [nitrogen --restore ]
12-06-21 05/40/44 : Executed [conky -c /home/profiles/asura/.config/conky/conky.conf]
12-06-21 05/40/44 : Executed [dunst]
12-06-21 05/41/06 : Executed [picom]
12-06-21 05/41/06 : Executed [nitrogen --restore ]
12-06-21 05/41/06 : Executed [conky -c /home/profiles/asura/.config/conky/conky.conf]
12-06-21 05/41/06 : Executed [dunst]
12-06-21 05/41/06 : Executed [picom]
12-06-21 05/41/06 : Executed [nitrogen --restore ]
12-06-21 05/41/06 : Executed [conky -c /home/profiles/asura/.config/conky/conky.conf]
12-06-21 05/41/06 : Executed [dunst]
12-06-21 05/41/37 : Executed [picom]
12-06-21 05/41/37 : Executed [nitrogen --restore ]
12-06-21 05/41/37 : Executed [conky -c /home/profiles/asura/.config/conky/conky.conf]
12-06-21 05/41/37 : Executed [dunst]
12-06-21 05/41/37 : Executed [picom]
12-06-21 05/41/37 : Executed [nitrogen --restore ]
12-06-21 05/41/37 : Executed [conky -c /home/profiles/asura/.config/conky/conky.conf]
12-06-21 05/41/37 : Executed [dunst]
12-06-21 06/13/10 : Executed [picom]
12-06-21 06/13/10 : Executed [nitrogen --restore ]
12-06-21 06/13/10 : Executed [conky -c /home/profiles/asura/.config/conky/conky.conf]
12-06-21 06/13/10 : Executed [dunst]
12-06-21 06/13/10 : Executed [picom]
12-06-21 06/13/10 : Executed [nitrogen --restore ]
12-06-21 06/13/10 : Executed [conky -c /home/profiles/asura/.config/conky/conky.conf]
12-06-21 06/13/10 : Executed [dunst]
12-06-21 06/16/25 : Executed [picom]
12-06-21 06/16/25 : Executed [nitrogen --restore ]
12-06-21 06/16/25 : Executed [conky -c /home/profiles/asura/.config/conky/conky.conf]
12-06-21 06/16/25 : Executed [dunst]
12-06-21 06/16/25 : Executed [picom]
12-06-21 06/16/25 : Executed [nitrogen --restore ]
12-06-21 06/16/25 : Executed [conky -c /home/profiles/asura/.config/conky/conky.conf]
12-06-21 06/16/25 : Executed [dunst]
12-06-21 06/18/57 : Executed [picom]
12-06-21 06/18/57 : Executed [nitrogen --restore ]
12-06-21 06/18/57 : Executed [conky -c /home/profiles/asura/.config/conky/conky.conf]
12-06-21 06/18/57 : Executed [dunst]
12-06-21 06/18/57 : Executed [picom]
12-06-21 06/18/57 : Executed [nitrogen --restore ]
12-06-21 06/18/57 : Executed [conky -c /home/profiles/asura/.config/conky/conky.conf]
12-06-21 06/18/57 : Executed [dunst]
12-06-21 06/29/17 : Executed [picom]
12-06-21 06/29/17 : Executed [nitrogen --restore ]
12-06-21 06/29/17 : Executed [conky -c /home/profiles/asura/.config/conky/conky.conf]
12-06-21 06/29/17 : Executed [dunst]
12-06-21 06/29/19 : Executed [picom]
12-06-21 06/29/19 : Executed [nitrogen --restore ]
12-06-21 06/29/19 : Executed [conky -c /home/profiles/asura/.config/conky/conky.conf]
12-06-21 06/29/20 : Executed [dunst]
12-06-21 06/36/57 : Executed [picom]
12-06-21 06/36/57 : Executed [nitrogen --restore ]
12-06-21 06/36/57 : Executed [conky -c /home/profiles/asura/.config/conky/conky.conf]
12-06-21 06/36/57 : Executed [dunst]
12-06-21 06/37/00 : Executed [picom]
12-06-21 06/37/00 : Executed [nitrogen --restore ]
12-06-21 06/37/00 : Executed [conky -c /home/profiles/asura/.config/conky/conky.conf]
12-06-21 06/37/00 : Executed [dunst]
12-06-21 06/37/38 : Executed [picom]
12-06-21 06/37/38 : Executed [nitrogen --restore ]
12-06-21 06/37/38 : Executed [conky -c /home/profiles/asura/.config/conky/conky.conf]
12-06-21 06/37/38 : Executed [dunst]
12-06-21 06/37/40 : Executed [picom]
12-06-21 06/37/40 : Executed [nitrogen --restore ]
12-06-21 06/37/40 : Executed [conky -c /home/profiles/asura/.config/conky/conky.conf]
12-06-21 06/37/41 : Executed [dunst]
